<?xml version="1.0" encoding="UTF-8"?>
<!-- Generated by org.testng.reporters.JUnitReportReporter -->
<testsuite skipped="0" hostname="Mazdimus" name="test.LoginTest" tests="2" failures="0" timestamp="2019-11-24T11:51:45 CST" time="24.271" errors="0">
  <testcase name="validusersShouldBeAbleToLogIn" time="10.030" classname="test.LoginTest"/>
  <testcase name="invalidUsersShouldNotBeAbleToLogin" time="14.241" classname="test.LoginTest"/>
</testsuite> <!-- test.LoginTest -->
